  Moc'ing MainWin.h...
  Moc'ing WGraphe.h...
  Uic'ing mainwindow.ui...
  moc_MainWin.cpp
  moc_WGraphe.cpp
  MainWin.cpp
  WGraphe.cpp
c:\users\murieletfred\desktop\graphe\wgraphe.cpp(153): warning C4100: 'e' : paramètre formel non référencé
  arc.cpp
  couts.cpp
  graphe.cpp
c:\users\murieletfred\desktop\graphe\graphe.cpp(172): warning C4100: 'c' : paramètre formel non référencé
  grapheNONV.cpp
c:\users\murieletfred\desktop\graphe\graphenonv.cpp(20): warning C4100: 'c' : paramètre formel non référencé
  grapheNOV.cpp
  grapheONV.cpp
  grapheOV.cpp
  liste.cpp
  main.cpp
  sommet.cpp
  Génération de code en cours...
  graphe.vcxproj -> C:\Users\MurieletFred\Desktop\graphe\debug\graphe.exe
